-------------------------------------
Beginning Export of Source Files
DBP-e15-Cape-Codd.accdb
VCS Version 4.0.21
Full Path: C:\Users\pazch\Documents\Level 2\DBP-e15-Cape-Codd.accdb
Export Folder: C:\Users\pazch\Documents\Level 2\DBP-e15-Cape-Codd.accdb.src\
Performing Full Export
2023-09-11 10:11:51 AM
-------------------------------------
Scanning source files...
No db connections found in this database.
No vbe forms found in this database.
No proj properties found in this database.
No saved specs found in this database.
No shared images found in this database.
No imex specs found in this database.
No forms found in this database.
No macros found in this database.
No reports found in this database.
No table data found in this database.
No modules found in this database.
No table data macros found in this database.
No hidden attributes found in this database.
-------------------------------------
Exporting project...          
  DBP-e15-Cape-Codd.accdb
[1]
-------------------------------------
Exporting vb project...       
  DBP-e11-Cape-Codd
[1]
-------------------------------------
Exporting vbe references...   
  stdole
[2]
-------------------------------------
Exporting themes...           
  Office Theme
[1]
-------------------------------------
Exporting db properties...    
  Database Properties (DAO)
[44]
-------------------------------------
Exporting tables...           
  BUYER
    Sanitized in 0.012 seconds.
  BUYER (SQL)
  CATALOG_SKU_2016
    Sanitized in 0.009 seconds.
  CATALOG_SKU_2016 (SQL)
  CATALOG_SKU_2017
    Sanitized in 0.009 seconds.
  CATALOG_SKU_2017 (SQL)
  CATALOG_SKU_2018
    Sanitized in 0.009 seconds.
  CATALOG_SKU_2018 (SQL)
  INVENTORY
    Sanitized in 0.008 seconds.
  INVENTORY (SQL)
  ORDER_ITEM
    Sanitized in 0.009 seconds.
  ORDER_ITEM (SQL)
  RETAIL_ORDER
    Sanitized in 0.011 seconds.
  RETAIL_ORDER (SQL)
  SKU_DATA
    Sanitized in 0.007 seconds.
  SKU_DATA (SQL)
  WAREHOUSE
    Sanitized in 0.005 seconds.
  WAREHOUSE (SQL)
[9]
-------------------------------------
Exporting queries...          
  ALTER-BUYER-Recursive-Relationship
    Sanitized in 0.004 seconds.
  ALTER-BUYER-Recursive-Relationship (SQL)
  SQL-Query-CH02-01
    Sanitized in 0.002 seconds.
  SQL-Query-CH02-01 (SQL)
  SQLQuery-CH02-43-Modified-For-Microsoft-Access
    Sanitized in 0.002 seconds.
  SQLQuery-CH02-43-Modified-For-Microsoft-Access (SQL)
  SQL-Query-CH02-52-Modified-For-Microsoft-Access
    Sanitized in 0.003 seconds.
  SQL-Query-CH02-52-Modified-For-Microsoft-Access (SQL)
  SQL-Query-CH02-71
    Sanitized in 0.003 seconds.
  SQL-Query-CH02-71 (SQL)
[5]
-------------------------------------
Exporting relations...        
  {3F618312-8959-4DD7-970D-23F4B02E82D5}
  BUYERSKU_DATA
  RETAIL_ORDERORDER_ITEM
  SKU_DATA_Relationship
  SUPER_BUYER_FK
  WAREHOUSE_Relationship
[6]
-------------------------------------
Exporting doc properties...   
  Database Documents
[3]
-------------------------------------
Exporting nav pane groups...  
  Groups
[1]
-------------------------------------
Done. (2.81 seconds)

--------------------------------------------------
                PERFORMANCE REPORTS
--------------------------------------------------
Category                      Count     Seconds
--------------------------------------------------
Tables                        9         0.95
Queries                       5         0.28
Relations                     6         0.27
DB Properties                 44        0.18
Project                       1         0.17
Doc Properties                3         0.17
Nav Pane Groups               1         0.13
VB Project                    1         0.10
VBE References                2         0.09
Themes                        1         0.07
DB Connections                0         0.06
Hidden Attributes             0         0.02
Proj Properties               0         0.02
Table Data Macros             0         0.01
Shared Images                 0         0.01
VBE Forms                     0         0.01
IMEX Specs                    0         0.00
Table Data                    0         0.00
Saved Specs                   0         0.00
Reports                       0         0.00
Forms                         0         0.00
Modules                       0         0.00
Macros                        0         0.00
--------------------------------------------------
TOTALS:                       73        2.54
--------------------------------------------------

--------------------------------------------------
Operations                    Count     Seconds
--------------------------------------------------
Increment Progress            54        0.68
Scan DB Objects               1         0.33
Convert to JSON               514       0.33
Read File Bytes               15        0.29
App.ExportXML()               9         0.28
Console Updates               4         0.10
Format SQL                    5         0.06
Save Table SQL                9         0.06
Quick Count Objects           1         0.05
Write File                    40        0.05
Sanitize XML                  9         0.04
App.SaveAsText()              5         0.03
Quick Count Files             1         0.02
Get File Property Hash        27        0.02
Format XML                    9         0.02
Get Modified Date             27        0.01
Verify Path                   55        0.01
Compute SHA256                63        0.01
Check for linked table        9         0.01
Sanitize File                 5         0.01
Read File                     14        0.01
Save Query SQL                5         0.01
Create Folder                 5         0.00
Export Theme                  1         0.00
Delete File                   1         0.00
--------------------------------------------------
Other Operations                        0.35
--------------------------------------------------


